<?xml version="1.0" encoding="UTF-8"?>
<!-- Generated by org.testng.reporters.JUnitReportReporter -->
<testsuite skipped="0" hostname="hp" name="test.TestNg" tests="2" failures="0" timestamp="22 May 2021 15:21:34 GMT" time="0.011" errors="0">
  <testcase name="test1" time="0.010" classname="test.TestNg"/>
  <testcase name="test2" time="0.001" classname="test.TestNg"/>
</testsuite> <!-- test.TestNg -->
