<?xml version="1.0" encoding="UTF-8"?>
<!-- Generated by org.testng.reporters.JUnitReportReporter -->
<testsuite skipped="0" hostname="hp" name="test.DataProviderExample" tests="2" failures="0" timestamp="22 May 2021 17:10:26 GMT" time="0.010" errors="0">
  <testcase name="test" time="0.008" classname="test.DataProviderExample"/>
  <testcase name="test" time="0.002" classname="test.DataProviderExample"/>
</testsuite> <!-- test.DataProviderExample -->
